<?xml version="1.0" encoding="UTF-8"?>
<!-- Generated by org.testng.reporters.JUnitReportReporter -->
<testsuite hostname="LD-DiptiRanjan" failures="0" tests="1" name="Test.TestClass" time="75.762" errors="0" timestamp="2023-07-18T13:18:01 IST" skipped="0">
  <testcase classname="Test.TestClass" name="execution" time="75.762"/>
  <system-out>
    <![CDATA[The test execution is done for Test class]]>
  </system-out>
</testsuite> <!-- Test.TestClass -->
